
INFO	2022/04/20 18:55:34 handleIdentify started.
ERROR	2022/04/20 18:55:36 server.go:278: handleIdentify json.NewDecoder error: json: cannot unmarshal object into Go value of type int64

INFO	2022/04/20 18:57:47 handleIdentify started.
INFO	2022/04/20 18:57:52 handleIdentify finished with any error.

INFO	2022/04/20 21:33:44 handleExist started.
INFO	2022/04/20 21:33:44 handleExist finished with any error.

INFO	2022/04/20 21:33:50 handleRegister started.
ERROR	2022/04/20 21:33:50 server.go:94: handleRegister s.walletSvc.Register error: account already exists

INFO	2022/04/20 21:33:57 handleRegister started.
INFO	2022/04/20 21:33:58 handleRegisterCustomer finished with any error.

INFO	2022/04/20 21:34:09 handleTransaction started.
ERROR	2022/04/20 21:34:09 server.go:126: handleIdentify middleware.Authentication error: no user id

INFO	2022/04/20 21:34:59 handleTransaction started.
ERROR	2022/04/20 21:34:59 server.go:126: handleIdentify middleware.Authentication error: no user id

INFO	2022/04/20 21:35:26 handleTransaction started.
ERROR	2022/04/20 21:37:20 server.go:126: handleIdentify middleware.Authentication error: no user id

INFO	2022/04/20 21:37:29 handleTransaction started.
ERROR	2022/04/20 21:37:59 server.go:126: handleIdentify middleware.Authentication error: no user id

INFO	2022/04/20 21:38:42 handleTransaction started.
ERROR	2022/04/20 21:38:42 server.go:126: handleIdentify middleware.Authentication error: no user id

INFO	2022/04/20 22:35:51 handleTransaction started.
INFO	2022/04/20 22:36:02 handleTransaction finished with any error.
